<?xml version="1.0" encoding="UTF-8"?>
<testng-results ignored="0" total="1" passed="1" failed="0" skipped="0">
  <reporter-output>
  </reporter-output>
  <suite started-at="2023-04-21T19:53:22 IST" name="Default suite" finished-at="2023-04-21T19:53:25 IST" duration-ms="3553">
    <groups>
    </groups>
    <test started-at="2023-04-21T19:53:22 IST" name="Default test" finished-at="2023-04-21T19:53:25 IST" duration-ms="3553">
      <class name="test.TestAPIs">
        <test-method signature="test1()[pri:0, instance:test.TestAPIs@7502291e]" started-at="2023-04-21T19:53:22 IST" name="test1" finished-at="2023-04-21T19:53:25 IST" duration-ms="3433" status="PASS">
          <reporter-output>
          </reporter-output>
        </test-method> <!-- test1 -->
      </class> <!-- test.TestAPIs -->
    </test> <!-- Default test -->
  </suite> <!-- Default suite -->
</testng-results>
